<?xml version="1.0" encoding="UTF-8"?>
<!-- Generated by org.testng.reporters.JUnitReportReporter -->
<testsuite hostname="LAPTOP-AR150CCB" failures="0" tests="1" name="tests.LoginLogoutTest" time="1.288" errors="0" timestamp="2023-04-02T21:29:48 CDT" skipped="0">
  <testcase classname="tests.LoginLogoutTest" name="signInAndOutTest" time="1.288"/>
  <system-out/>
</testsuite> <!-- tests.LoginLogoutTest -->
