<?xml version="1.0" encoding="UTF-8"?>
<!-- Generated by org.testng.reporters.JUnitReportReporter -->
<testsuite hostname="LAPTOP-AR150CCB" failures="0" tests="1" name="tests.TestProperties" time="0.953" errors="0" timestamp="2023-04-02T23:46:33 CDT" skipped="0">
  <testcase classname="tests.TestProperties" name="loginWithProperties" time="0.953"/>
  <system-out/>
</testsuite> <!-- tests.TestProperties -->
