<?xml version="1.0" encoding="UTF-8"?>
<!-- Generated by org.testng.reporters.JUnitReportReporter -->
<testsuite hostname="LAPTOP-AR150CCB" failures="0" tests="1" name="tests.TestProperties" time="1.386" errors="0" timestamp="2023-05-23T20:45:13 CDT" skipped="0">
  <testcase classname="tests.TestProperties" name="loginWithProperties" time="1.386"/>
  <system-out/>
</testsuite> <!-- tests.TestProperties -->
