<?xml version="1.0" encoding="UTF-8"?>
<!-- Generated by org.testng.reporters.JUnitReportReporter -->
<testsuite hostname="LAPTOP-AR150CCB" failures="0" tests="1" name="tests.ExcelTest" time="11.697" errors="0" timestamp="2023-05-23T20:45:13 CDT" skipped="0">
  <testcase classname="tests.ExcelTest" name="excelDataLogin" time="11.697"/>
  <system-out/>
</testsuite> <!-- tests.ExcelTest -->
