<?xml version="1.0" encoding="UTF-8"?>
<!-- Generated by org.testng.reporters.JUnitReportReporter -->
<testsuite hostname="LAPTOP-AR150CCB" failures="0" tests="1" name="tests.ShoppingCartTest" time="2.595" errors="0" timestamp="2023-04-02T21:31:45 CDT" skipped="0">
  <testcase classname="tests.ShoppingCartTest" name="buyAndCheckout" time="2.595"/>
  <system-out/>
</testsuite> <!-- tests.ShoppingCartTest -->
