<?xml version="1.0" encoding="UTF-8"?>
<!-- Generated by org.testng.reporters.JUnitReportReporter -->
<testsuite hostname="LAPTOP-AR150CCB" failures="0" tests="1" name="tests.ExcelTest" time="9.628" errors="0" timestamp="2023-04-02T23:46:33 CDT" skipped="0">
  <testcase classname="tests.ExcelTest" name="excelDataLogin" time="9.628"/>
  <system-out/>
</testsuite> <!-- tests.ExcelTest -->
